{"level":"error","message":"Task not found with ID - 624d4de1593261d927477fba"}
{"level":"error","message":"Task not found with ID - 624d4de1593261d927477fba"}
{"level":"error","message":"Task not found with ID - 624d4de1593261d927477fba"}
error: Apr-09-2022 00:00:14 : 	Task not found with ID - 624d4de1593261d927477fba while Deleting
error: Apr-09-2022 11:02:23 : Error occured while connecting to DB
error: Apr-09-2022 11:03:09 : Error occured while connecting to DB
error: Apr-09-2022 16:21:34 : Task not found with ID - 625156fae0efee9d321ddeaa while Deleting
error: Apr-09-2022 16:21:50 : Task not found with ID - 625156fae0efee9d321ddeaa while Deleting
error: Apr-09-2022 16:29:33 : Task not found with ID - 625156fae0efee9d321ddeaa while Deleting
error: Apr-09-2022 16:35:17 : Task not found with ID - 6251683ffc72c6b86346cba1 while Deleting
error: Apr-09-2022 16:45:40 : Error occured while connecting to DB
error: Apr-09-2022 16:46:36 : Error occured while connecting to DB
error: Apr-09-2022 16:48:37 : Error occured while connecting to DB
error: Apr-09-2022 16:49:31 : Error occured while connecting to DB
error: Apr-09-2022 17:02:12 : Resource Not Found Invalid _id
error: Apr-09-2022 17:02:12 : Resource Not Found Invalid _id
error: Apr-09-2022 18:18:28 : Resource Not Found Invalid _id
error: Apr-09-2022 18:18:28 : Resource Not Found Invalid _id
error: Apr-09-2022 18:18:54 : Resource Not Found Invalid _id
error: Apr-09-2022 18:18:54 : Resource Not Found Invalid _id
error: Apr-09-2022 18:19:00 : Resource Not Found Invalid _id
error: Apr-09-2022 18:19:00 : Resource Not Found Invalid _id
error: Apr-09-2022 19:00:32 : Resource Not Found Invalid _id
error: Apr-09-2022 19:00:32 : Resource Not Found Invalid _id
error: Apr-09-2022 19:00:41 : Resource Not Found Invalid _id
error: Apr-09-2022 19:00:41 : Resource Not Found Invalid _id
error: Apr-09-2022 19:01:02 : Resource Not Found Invalid _id
error: Apr-09-2022 19:01:02 : Resource Not Found Invalid _id
error: Apr-09-2022 19:02:28 : Task not found with ID - 624d4de0593261d927477fbb while Deleting
error: Apr-09-2022 19:02:28 : Task Not Found with This Id
error: Apr-11-2022 14:53:18 : Task not found with ID - 624d4de2593261d927477fc4
error: Apr-11-2022 14:53:18 : Task Not Found with This Id
error: Apr-11-2022 14:54:10 : Task not found with ID - 624d4de2593261d927477fc4 while Deleting
error: Apr-11-2022 14:54:10 : Task Not Found with This Id
error: Apr-11-2022 14:54:48 : Task not found with ID - 624d4de1593261d927477fc1 while Deleting
error: Apr-11-2022 14:54:48 : Task Not Found with This Id
error: Apr-11-2022 19:59:15 : Task not found with ID - 625183a9b6dc26afb222a2d5 while Deleting
error: Apr-11-2022 19:59:15 : Task Not Found with This Id
error: Apr-11-2022 19:59:56 : Task not found with ID - 62519068e1d4b6519c737c31 while Deleting
error: Apr-11-2022 19:59:56 : Task Not Found with This Id
error: Apr-11-2022 19:59:57 : Task not found with ID - 62519068e1d4b6519c737c31 while Deleting
error: Apr-11-2022 19:59:57 : Task Not Found with This Id
error: Apr-11-2022 19:59:58 : Task not found with ID - 62519068e1d4b6519c737c31 while Deleting
error: Apr-11-2022 19:59:58 : Task Not Found with This Id
error: Apr-11-2022 19:59:58 : Task not found with ID - 62519068e1d4b6519c737c31 while Deleting
error: Apr-11-2022 19:59:58 : Task Not Found with This Id
error: Apr-11-2022 19:59:58 : Task not found with ID - 62519068e1d4b6519c737c31 while Deleting
error: Apr-11-2022 19:59:58 : Task Not Found with This Id
error: Apr-11-2022 19:59:58 : Task not found with ID - 62519068e1d4b6519c737c31 while Deleting
error: Apr-11-2022 19:59:58 : Task Not Found with This Id
error: Apr-11-2022 23:13:20 : Task not found with ID - 62517024e70fc8df398e784a while Deleting
error: Apr-11-2022 23:13:20 : Task Not Found with This Id
error: Apr-11-2022 23:13:21 : Task not found with ID - 624fe914e7f0b091c3e8483d while Deleting
error: Apr-11-2022 23:13:21 : Task Not Found with This Id
error: Apr-11-2022 23:13:21 : Task not found with ID - 624fca31b309427797376d0d while Deleting
error: Apr-11-2022 23:13:21 : Task Not Found with This Id
error: Apr-11-2022 23:13:22 : Task not found with ID - 624fc98721120a27630dcdad while Deleting
error: Apr-11-2022 23:13:22 : Task Not Found with This Id
error: Apr-11-2022 23:13:23 : Task not found with ID - 624fc751e40dd68e9c1b2dea while Deleting
error: Apr-11-2022 23:13:23 : Task Not Found with This Id
error: Apr-11-2022 23:30:23 : Task not found with ID - 62546cabd633d75245ba3f2e while Deleting
error: Apr-11-2022 23:30:23 : Task Not Found with This Id
error: Apr-11-2022 23:30:23 : Task not found with ID - 62546cabd633d75245ba3f2e while Deleting
error: Apr-11-2022 23:30:23 : Task Not Found with This Id
error: Apr-11-2022 23:30:23 : Task not found with ID - 62546cabd633d75245ba3f2e while Deleting
error: Apr-11-2022 23:30:23 : Task Not Found with This Id
error: Apr-11-2022 23:30:23 : Task not found with ID - 62546cabd633d75245ba3f2e while Deleting
error: Apr-11-2022 23:30:23 : Task Not Found with This Id
error: Apr-11-2022 23:30:23 : Task not found with ID - 62546cabd633d75245ba3f2e while Deleting
error: Apr-11-2022 23:30:23 : Task Not Found with This Id
error: Apr-11-2022 23:30:24 : Task not found with ID - 62546cabd633d75245ba3f2e while Deleting
error: Apr-11-2022 23:30:24 : Task Not Found with This Id
error: Apr-11-2022 23:30:27 : Task not found with ID - 62546caed633d75245ba3f34 while Deleting
error: Apr-11-2022 23:30:27 : Task Not Found with This Id
error: Apr-11-2022 23:30:28 : Task not found with ID - 62546caed633d75245ba3f34 while Deleting
error: Apr-11-2022 23:30:28 : Task Not Found with This Id
error: Apr-11-2022 23:30:30 : Task not found with ID - 62546ca9d633d75245ba3f2b while Deleting
error: Apr-11-2022 23:30:30 : Task Not Found with This Id
error: Apr-11-2022 23:30:33 : Task not found with ID - 62546927d633d75245ba3f26 while Deleting
error: Apr-11-2022 23:30:33 : Task Not Found with This Id
error: Apr-12-2022 09:17:57 : Task not found with ID - 624d4de1593261d927477fc9
error: Apr-12-2022 09:17:57 : Task Not Found with This Id
error: Apr-12-2022 09:18:27 : Task not found with ID - 624d4de1593261d927477fc1
error: Apr-12-2022 09:18:27 : Task Not Found with This Id
error: Apr-12-2022 09:18:35 : Task not found with ID - 624d4de1593261d927477fc1
error: Apr-12-2022 09:18:35 : Task Not Found with This Id
error: Apr-12-2022 09:19:41 : Task not found with ID - 6254f4f0fe78a60924358de1
error: Apr-12-2022 09:19:41 : Task Not Found with This Id
error: Apr-12-2022 14:04:04 : Task not found with ID - 6254f4f0fe78a60924358deb while Deleting
error: Apr-12-2022 14:04:04 : Task Not Found with This Id
error: Apr-12-2022 14:04:11 : Task not found with ID - 6254ed6ad22f936795d3061a while Deleting
error: Apr-12-2022 14:04:11 : Task Not Found with This Id
error: Apr-12-2022 14:04:11 : Task not found with ID - 6254ed6ad22f936795d3061a while Deleting
error: Apr-12-2022 14:04:11 : Task Not Found with This Id
error: Apr-12-2022 14:04:11 : Task not found with ID - 6254ed6ad22f936795d3061a while Deleting
error: Apr-12-2022 14:04:11 : Task Not Found with This Id
error: Apr-12-2022 14:04:12 : Task not found with ID - 6254ed63d22f936795d30617 while Deleting
error: Apr-12-2022 14:04:12 : Task Not Found with This Id
error: Apr-12-2022 20:19:57 : logger is not defined
error: Apr-12-2022 20:19:59 : logger is not defined
error: Apr-12-2022 23:08:20 : Cannot read properties of undefined (reading 'split')
error: Apr-12-2022 23:08:58 : Cannot read properties of undefined (reading 'split')
error: Apr-12-2022 23:09:28 : Cannot read properties of undefined (reading 'split')
error: Apr-12-2022 23:09:41 : Cannot read properties of undefined (reading 'split')
error: Apr-12-2022 23:10:36 : Cannot read properties of undefined (reading 'split')
error: Apr-12-2022 23:10:50 : Cannot read properties of undefined (reading 'split')
error: Apr-12-2022 23:11:04 : Cannot read properties of undefined (reading 'split')
error: Apr-12-2022 23:14:12 : Task Not Found with This Id
error: Apr-12-2022 23:14:13 : Task Not Found with This Id
error: Apr-13-2022 10:35:37 : Cannot read properties of undefined (reading '_id')
error: Apr-13-2022 11:03:15 : userId is not defined
error: Apr-13-2022 11:11:40 : userID is not defined
error: Apr-13-2022 11:16:05 : task validation failed: userId: Cast to ObjectId failed for value "" (type string) at path "userId"
error: Apr-13-2022 11:19:36 : task validation failed: userId: Cast to ObjectId failed for value "" (type string) at path "userId"
error: Apr-13-2022 11:21:14 : task validation failed: task: Path `task` is required., status: Path `status` is required.
error: Apr-13-2022 11:24:49 : task validation failed: userId: Cast to ObjectId failed for value "" (type string) at path "userId"
error: Apr-13-2022 11:24:54 : task validation failed: userId: Cast to ObjectId failed for value "" (type string) at path "userId"
error: Apr-13-2022 11:24:56 : task validation failed: userId: Cast to ObjectId failed for value "" (type string) at path "userId"
error: Apr-13-2022 11:24:57 : task validation failed: userId: Cast to ObjectId failed for value "" (type string) at path "userId"
error: Apr-13-2022 11:24:58 : task validation failed: userId: Cast to ObjectId failed for value "" (type string) at path "userId"
error: Apr-13-2022 11:24:59 : task validation failed: userId: Cast to ObjectId failed for value "" (type string) at path "userId"
error: Apr-13-2022 11:25:00 : task validation failed: userId: Cast to ObjectId failed for value "" (type string) at path "userId"
error: Apr-13-2022 11:26:18 : task validation failed: userId: Cast to ObjectId failed for value "" (type string) at path "userId"
error: Apr-13-2022 11:26:54 : task validation failed: userId: Cast to ObjectId failed for value "" (type string) at path "userId"
error: Apr-13-2022 11:26:55 : task validation failed: userId: Cast to ObjectId failed for value "" (type string) at path "userId"
error: Apr-13-2022 11:26:57 : task validation failed: userId: Cast to ObjectId failed for value "" (type string) at path "userId"
error: Apr-13-2022 11:26:58 : task validation failed: userId: Cast to ObjectId failed for value "" (type string) at path "userId"
error: Apr-13-2022 11:37:03 : Task Not Found with This Id
error: Apr-13-2022 11:37:03 : Task Not Found with This Id
error: Apr-13-2022 18:34:31 : this.get is not a function
error: Apr-13-2022 18:35:01 : Cannot read properties of undefined (reading 'split')error: Apr-14-2022 21:20:48 : userId is not defined
error: Apr-14-2022 21:20:57 : userId is not defined
error: Apr-14-2022 21:25:35 : userId is not defined
error: Apr-14-2022 21:27:08 : userId is not defined
error: Apr-14-2022 21:27:55 : userId is not defined
error: Apr-14-2022 21:28:05 : userId is not defined
error: Apr-14-2022 21:28:06 : userId is not defined
error: Apr-14-2022 21:28:20 : userId is not defined
error: Apr-14-2022 21:28:22 : userId is not defined
error: Apr-14-2022 21:28:58 : validationResult is not defined
error: Apr-14-2022 23:31:02 : createToken is not a function
error: Apr-14-2022 23:31:38 : createToken is not a function
error: Apr-14-2022 23:31:41 : createToken is not a function
error: Apr-14-2022 23:31:59 : createToken is not a function
error: Apr-14-2022 23:32:44 : createToken is not a function
error: Apr-14-2022 23:35:22 : createToken is not a function
error: Apr-14-2022 23:55:25 : Cant create user with email trying@gmail.com
error: Apr-14-2022 23:56:21 : Cant create user with email trying1@gmail.com
error: Apr-14-2022 23:59:10 : Cannot read properties of undefined (reading 'split')
error: Apr-15-2022 00:02:52 : Cant create user with email trying3@gmail.com
error: Apr-15-2022 00:03:39 : Cant create user with email trying4@gmail.com
error: Apr-15-2022 00:03:50 : Cannot read properties of undefined (reading 'split')
error: Apr-15-2022 00:06:23 : Cannot read properties of undefined (reading 'split')
error: Apr-15-2022 00:07:11 : Cannot read properties of undefined (reading 'split')
error: Apr-15-2022 00:09:34 : Cannot read properties of undefined (reading 'split')
error: Apr-15-2022 00:11:51 : Cannot read properties of undefined (reading 'split')
error: Apr-15-2022 00:13:28 : Cannot read properties of undefined (reading 'split')
error: Apr-15-2022 00:18:38 : Cannot read properties of undefined (reading 'split')
error: Apr-15-2022 00:22:06 : Cannot read properties of undefined (reading 'split')
error: Apr-15-2022 00:23:03 : User Login attempt fail with email wrong@gmail.com
error: Apr-15-2022 00:25:54 : User Login attempt fail with email wrong@gmail.com
error: Apr-15-2022 00:28:22 : User Login attempt fail with email wrong@gmail.com
error: Apr-15-2022 00:28:22 : Cannot read properties of undefined (reading 'split')
error: Apr-15-2022 00:30:00 : User Login attempt fail with email wrong@gmail.com
error: Apr-15-2022 00:30:00 : User Login attempt fail with email nikunj.gupta_cs19@gla.ac.in
error: Apr-15-2022 00:30:00 : Cannot read properties of undefined (reading 'split')
